Base path: 'C:/Program Files/Unity/Hub/Editor/2019.4.1f1/Editor/Data', plugins path 'C:/Program Files/Unity/Hub/Editor/2019.4.1f1/Editor/Data/PlaybackEngines'
Cmd: initializeCompiler
Cmd: compileSnippet
  api=4 type=0 insize=7304 outsize=810 kw=_SURFACE_TYPE_TRANSPARENT _NORMALMAP_TANGENT_SPACE _BLENDMODE_ALPHA _BLENDMODE_PRESERVE_SPECULAR_LIGHTING _ENABLE_FOG_ON_TRANSPARENT pd=UNITY_ENABLE_REFLECTION_BUFFERS UNITY_USE_DITHER_MASK_FOR_ALPHABLENDED_SHADOWS UNITY_PBS_USE_BRDF1 UNITY_SPECCUBE_BOX_PROJECTION UNITY_SPECCUBE_BLENDING UNITY_ENABLE_DETAIL_NORMALMAP SHADER_API_DESKTOP UNITY_LIGHT_PROBE_PROXY_VOLUME UNITY_LIGHTMAP_FULL_HDR ok=1
Cmd: compileSnippet
  api=4 type=1 insize=7304 outsize=262 kw=_SURFACE_TYPE_TRANSPARENT _NORMALMAP_TANGENT_SPACE _BLENDMODE_ALPHA _BLENDMODE_PRESERVE_SPECULAR_LIGHTING _ENABLE_FOG_ON_TRANSPARENT pd=UNITY_ENABLE_REFLECTION_BUFFERS UNITY_USE_DITHER_MASK_FOR_ALPHABLENDED_SHADOWS UNITY_PBS_USE_BRDF1 UNITY_SPECCUBE_BOX_PROJECTION UNITY_SPECCUBE_BLENDING UNITY_ENABLE_DETAIL_NORMALMAP SHADER_API_DESKTOP UNITY_LIGHT_PROBE_PROXY_VOLUME UNITY_LIGHTMAP_FULL_HDR ok=1
Cmd: compileSnippet
  api=4 type=1 insize=8987 outsize=85842 kw=DECALS_3RT SHADOW_MEDIUM USE_CLUSTERED_LIGHTLIST _SURFACE_TYPE_TRANSPARENT _NORMALMAP_TANGENT_SPACE _BLENDMODE_ALPHA _BLENDMODE_PRESERVE_SPECULAR_LIGHTING _ENABLE_FOG_ON_TRANSPARENT pd=UNITY_ENABLE_REFLECTION_BUFFERS UNITY_USE_DITHER_MASK_FOR_ALPHABLENDED_SHADOWS UNITY_PBS_USE_BRDF1 UNITY_SPECCUBE_BOX_PROJECTION UNITY_SPECCUBE_BLENDING UNITY_ENABLE_DETAIL_NORMALMAP SHADER_API_DESKTOP UNITY_LIGHT_PROBE_PROXY_VOLUME UNITY_LIGHTMAP_FULL_HDR ok=1
Cmd: compileSnippet
  api=4 type=0 insize=6948 outsize=810 kw=UNITY_PASS_SHADOWCASTER _SURFACE_TYPE_TRANSPARENT _NORMALMAP_TANGENT_SPACE _BLENDMODE_ALPHA _BLENDMODE_PRESERVE_SPECULAR_LIGHTING pd=UNITY_ENABLE_REFLECTION_BUFFERS UNITY_USE_DITHER_MASK_FOR_ALPHABLENDED_SHADOWS UNITY_PBS_USE_BRDF1 UNITY_SPECCUBE_BOX_PROJECTION UNITY_SPECCUBE_BLENDING UNITY_ENABLE_DETAIL_NORMALMAP SHADER_API_DESKTOP UNITY_LIGHT_PROBE_PROXY_VOLUME UNITY_LIGHTMAP_FULL_HDR ok=1
Cmd: compileSnippet
  api=4 type=1 insize=6948 outsize=142 kw=UNITY_PASS_SHADOWCASTER _SURFACE_TYPE_TRANSPARENT _NORMALMAP_TANGENT_SPACE _BLENDMODE_ALPHA _BLENDMODE_PRESERVE_SPECULAR_LIGHTING pd=UNITY_ENABLE_REFLECTION_BUFFERS UNITY_USE_DITHER_MASK_FOR_ALPHABLENDED_SHADOWS UNITY_PBS_USE_BRDF1 UNITY_SPECCUBE_BOX_PROJECTION UNITY_SPECCUBE_BLENDING UNITY_ENABLE_DETAIL_NORMALMAP SHADER_API_DESKTOP UNITY_LIGHT_PROBE_PROXY_VOLUME UNITY_LIGHTMAP_FULL_HDR ok=1
Cmd: compileSnippet
  api=4 type=0 insize=8987 outsize=1726 kw=DECALS_3RT SHADOW_MEDIUM USE_CLUSTERED_LIGHTLIST _SURFACE_TYPE_TRANSPARENT _NORMALMAP_TANGENT_SPACE _BLENDMODE_ALPHA _BLENDMODE_PRESERVE_SPECULAR_LIGHTING pd=UNITY_ENABLE_REFLECTION_BUFFERS UNITY_USE_DITHER_MASK_FOR_ALPHABLENDED_SHADOWS UNITY_PBS_USE_BRDF1 UNITY_SPECCUBE_BOX_PROJECTION UNITY_SPECCUBE_BLENDING UNITY_ENABLE_DETAIL_NORMALMAP SHADER_API_DESKTOP UNITY_LIGHT_PROBE_PROXY_VOLUME UNITY_LIGHTMAP_FULL_HDR ok=1
Cmd: compileSnippet
  api=4 type=1 insize=8987 outsize=71746 kw=DECALS_3RT SHADOW_MEDIUM USE_CLUSTERED_LIGHTLIST _SURFACE_TYPE_TRANSPARENT _NORMALMAP_TANGENT_SPACE _BLENDMODE_ALPHA _BLENDMODE_PRESERVE_SPECULAR_LIGHTING pd=UNITY_ENABLE_REFLECTION_BUFFERS UNITY_USE_DITHER_MASK_FOR_ALPHABLENDED_SHADOWS UNITY_PBS_USE_BRDF1 UNITY_SPECCUBE_BOX_PROJECTION UNITY_SPECCUBE_BLENDING UNITY_ENABLE_DETAIL_NORMALMAP SHADER_API_DESKTOP UNITY_LIGHT_PROBE_PROXY_VOLUME UNITY_LIGHTMAP_FULL_HDR ok=1
Cmd: compileSnippet
  api=4 type=0 insize=7304 outsize=810 kw=_SURFACE_TYPE_TRANSPARENT _NORMALMAP_TANGENT_SPACE _BLENDMODE_ALPHA _BLENDMODE_PRESERVE_SPECULAR_LIGHTING pd=UNITY_ENABLE_REFLECTION_BUFFERS UNITY_USE_DITHER_MASK_FOR_ALPHABLENDED_SHADOWS UNITY_PBS_USE_BRDF1 UNITY_SPECCUBE_BOX_PROJECTION UNITY_SPECCUBE_BLENDING UNITY_ENABLE_DETAIL_NORMALMAP SHADER_API_DESKTOP UNITY_LIGHT_PROBE_PROXY_VOLUME UNITY_LIGHTMAP_FULL_HDR ok=1
Cmd: compileSnippet
  api=4 type=1 insize=7304 outsize=262 kw=_SURFACE_TYPE_TRANSPARENT _NORMALMAP_TANGENT_SPACE _BLENDMODE_ALPHA _BLENDMODE_PRESERVE_SPECULAR_LIGHTING pd=UNITY_ENABLE_REFLECTION_BUFFERS UNITY_USE_DITHER_MASK_FOR_ALPHABLENDED_SHADOWS UNITY_PBS_USE_BRDF1 UNITY_SPECCUBE_BOX_PROJECTION UNITY_SPECCUBE_BLENDING UNITY_ENABLE_DETAIL_NORMALMAP SHADER_API_DESKTOP UNITY_LIGHT_PROBE_PROXY_VOLUME UNITY_LIGHTMAP_FULL_HDR ok=1
Cmd: compileSnippet
  api=4 type=0 insize=6948 outsize=810 kw=UNITY_PASS_SHADOWCASTER _SURFACE_TYPE_TRANSPARENT _NORMALMAP_TANGENT_SPACE _DISABLE_SSR _BLENDMODE_ALPHA _BLENDMODE_PRESERVE_SPECULAR_LIGHTING pd=UNITY_ENABLE_REFLECTION_BUFFERS UNITY_USE_DITHER_MASK_FOR_ALPHABLENDED_SHADOWS UNITY_PBS_USE_BRDF1 UNITY_SPECCUBE_BOX_PROJECTION UNITY_SPECCUBE_BLENDING UNITY_ENABLE_DETAIL_NORMALMAP SHADER_API_DESKTOP UNITY_LIGHT_PROBE_PROXY_VOLUME UNITY_LIGHTMAP_FULL_HDR ok=1
Cmd: compileSnippet
  api=4 type=1 insize=6948 outsize=142 kw=UNITY_PASS_SHADOWCASTER _SURFACE_TYPE_TRANSPARENT _NORMALMAP_TANGENT_SPACE _DISABLE_SSR _BLENDMODE_ALPHA _BLENDMODE_PRESERVE_SPECULAR_LIGHTING pd=UNITY_ENABLE_REFLECTION_BUFFERS UNITY_USE_DITHER_MASK_FOR_ALPHABLENDED_SHADOWS UNITY_PBS_USE_BRDF1 UNITY_SPECCUBE_BOX_PROJECTION UNITY_SPECCUBE_BLENDING UNITY_ENABLE_DETAIL_NORMALMAP SHADER_API_DESKTOP UNITY_LIGHT_PROBE_PROXY_VOLUME UNITY_LIGHTMAP_FULL_HDR ok=1
Cmd: compileSnippet
  api=4 type=0 insize=8987 outsize=1726 kw=DECALS_3RT SHADOW_MEDIUM USE_CLUSTERED_LIGHTLIST _SURFACE_TYPE_TRANSPARENT _NORMALMAP_TANGENT_SPACE _DISABLE_SSR _BLENDMODE_ALPHA _BLENDMODE_PRESERVE_SPECULAR_LIGHTING pd=UNITY_ENABLE_REFLECTION_BUFFERS UNITY_USE_DITHER_MASK_FOR_ALPHABLENDED_SHADOWS UNITY_PBS_USE_BRDF1 UNITY_SPECCUBE_BOX_PROJECTION UNITY_SPECCUBE_BLENDING UNITY_ENABLE_DETAIL_NORMALMAP SHADER_API_DESKTOP UNITY_LIGHT_PROBE_PROXY_VOLUME UNITY_LIGHTMAP_FULL_HDR ok=1
Cmd: compileSnippet
  api=4 type=1 insize=8987 outsize=71746 kw=DECALS_3RT SHADOW_MEDIUM USE_CLUSTERED_LIGHTLIST _SURFACE_TYPE_TRANSPARENT _NORMALMAP_TANGENT_SPACE _DISABLE_SSR _BLENDMODE_ALPHA _BLENDMODE_PRESERVE_SPECULAR_LIGHTING pd=UNITY_ENABLE_REFLECTION_BUFFERS UNITY_USE_DITHER_MASK_FOR_ALPHABLENDED_SHADOWS UNITY_PBS_USE_BRDF1 UNITY_SPECCUBE_BOX_PROJECTION UNITY_SPECCUBE_BLENDING UNITY_ENABLE_DETAIL_NORMALMAP SHADER_API_DESKTOP UNITY_LIGHT_PROBE_PROXY_VOLUME UNITY_LIGHTMAP_FULL_HDR ok=1
Cmd: compileSnippet
  api=4 type=0 insize=7304 outsize=810 kw=_SURFACE_TYPE_TRANSPARENT _NORMALMAP_TANGENT_SPACE _DISABLE_SSR _BLENDMODE_ALPHA _BLENDMODE_PRESERVE_SPECULAR_LIGHTING pd=UNITY_ENABLE_REFLECTION_BUFFERS UNITY_USE_DITHER_MASK_FOR_ALPHABLENDED_SHADOWS UNITY_PBS_USE_BRDF1 UNITY_SPECCUBE_BOX_PROJECTION UNITY_SPECCUBE_BLENDING UNITY_ENABLE_DETAIL_NORMALMAP SHADER_API_DESKTOP UNITY_LIGHT_PROBE_PROXY_VOLUME UNITY_LIGHTMAP_FULL_HDR ok=1
Cmd: compileSnippet
  api=4 type=1 insize=7304 outsize=262 kw=_SURFACE_TYPE_TRANSPARENT _NORMALMAP_TANGENT_SPACE _DISABLE_SSR _BLENDMODE_ALPHA _BLENDMODE_PRESERVE_SPECULAR_LIGHTING pd=UNITY_ENABLE_REFLECTION_BUFFERS UNITY_USE_DITHER_MASK_FOR_ALPHABLENDED_SHADOWS UNITY_PBS_USE_BRDF1 UNITY_SPECCUBE_BOX_PROJECTION UNITY_SPECCUBE_BLENDING UNITY_ENABLE_DETAIL_NORMALMAP SHADER_API_DESKTOP UNITY_LIGHT_PROBE_PROXY_VOLUME UNITY_LIGHTMAP_FULL_HDR ok=1
Cmd: compileSnippet
  api=4 type=0 insize=6948 outsize=810 kw=UNITY_PASS_SHADOWCASTER _SURFACE_TYPE_TRANSPARENT _NORMALMAP_TANGENT_SPACE _EMISSIVE_COLOR_MAP _DISABLE_SSR _BLENDMODE_ALPHA _BLENDMODE_PRESERVE_SPECULAR_LIGHTING pd=UNITY_ENABLE_REFLECTION_BUFFERS UNITY_USE_DITHER_MASK_FOR_ALPHABLENDED_SHADOWS UNITY_PBS_USE_BRDF1 UNITY_SPECCUBE_BOX_PROJECTION UNITY_SPECCUBE_BLENDING UNITY_ENABLE_DETAIL_NORMALMAP SHADER_API_DESKTOP UNITY_LIGHT_PROBE_PROXY_VOLUME UNITY_LIGHTMAP_FULL_HDR ok=1
Cmd: compileSnippet
  api=4 type=1 insize=6948 outsize=142 kw=UNITY_PASS_SHADOWCASTER _SURFACE_TYPE_TRANSPARENT _NORMALMAP_TANGENT_SPACE _EMISSIVE_COLOR_MAP _DISABLE_SSR _BLENDMODE_ALPHA _BLENDMODE_PRESERVE_SPECULAR_LIGHTING pd=UNITY_ENABLE_REFLECTION_BUFFERS UNITY_USE_DITHER_MASK_FOR_ALPHABLENDED_SHADOWS UNITY_PBS_USE_BRDF1 UNITY_SPECCUBE_BOX_PROJECTION UNITY_SPECCUBE_BLENDING UNITY_ENABLE_DETAIL_NORMALMAP SHADER_API_DESKTOP UNITY_LIGHT_PROBE_PROXY_VOLUME UNITY_LIGHTMAP_FULL_HDR ok=1
Cmd: compileSnippet
  api=4 type=0 insize=8987 outsize=1726 kw=DECALS_3RT SHADOW_MEDIUM USE_CLUSTERED_LIGHTLIST _SURFACE_TYPE_TRANSPARENT _NORMALMAP_TANGENT_SPACE _EMISSIVE_COLOR_MAP _DISABLE_SSR _BLENDMODE_ALPHA _BLENDMODE_PRESERVE_SPECULAR_LIGHTING pd=UNITY_ENABLE_REFLECTION_BUFFERS UNITY_USE_DITHER_MASK_FOR_ALPHABLENDED_SHADOWS UNITY_PBS_USE_BRDF1 UNITY_SPECCUBE_BOX_PROJECTION UNITY_SPECCUBE_BLENDING UNITY_ENABLE_DETAIL_NORMALMAP SHADER_API_DESKTOP UNITY_LIGHT_PROBE_PROXY_VOLUME UNITY_LIGHTMAP_FULL_HDR ok=1
Cmd: compileSnippet
  api=4 type=1 insize=8987 outsize=71906 kw=DECALS_3RT SHADOW_MEDIUM USE_CLUSTERED_LIGHTLIST _SURFACE_TYPE_TRANSPARENT _NORMALMAP_TANGENT_SPACE _EMISSIVE_COLOR_MAP _DISABLE_SSR _BLENDMODE_ALPHA _BLENDMODE_PRESERVE_SPECULAR_LIGHTING pd=UNITY_ENABLE_REFLECTION_BUFFERS UNITY_USE_DITHER_MASK_FOR_ALPHABLENDED_SHADOWS UNITY_PBS_USE_BRDF1 UNITY_SPECCUBE_BOX_PROJECTION UNITY_SPECCUBE_BLENDING UNITY_ENABLE_DETAIL_NORMALMAP SHADER_API_DESKTOP UNITY_LIGHT_PROBE_PROXY_VOLUME UNITY_LIGHTMAP_FULL_HDR ok=1
Cmd: compileSnippet
  api=4 type=0 insize=7304 outsize=810 kw=_SURFACE_TYPE_TRANSPARENT _NORMALMAP_TANGENT_SPACE _EMISSIVE_COLOR_MAP _DISABLE_SSR _BLENDMODE_ALPHA _BLENDMODE_PRESERVE_SPECULAR_LIGHTING pd=UNITY_ENABLE_REFLECTION_BUFFERS UNITY_USE_DITHER_MASK_FOR_ALPHABLENDED_SHADOWS UNITY_PBS_USE_BRDF1 UNITY_SPECCUBE_BOX_PROJECTION UNITY_SPECCUBE_BLENDING UNITY_ENABLE_DETAIL_NORMALMAP SHADER_API_DESKTOP UNITY_LIGHT_PROBE_PROXY_VOLUME UNITY_LIGHTMAP_FULL_HDR ok=1
Cmd: compileSnippet
  api=4 type=1 insize=7304 outsize=262 kw=_SURFACE_TYPE_TRANSPARENT _NORMALMAP_TANGENT_SPACE _EMISSIVE_COLOR_MAP _DISABLE_SSR _BLENDMODE_ALPHA _BLENDMODE_PRESERVE_SPECULAR_LIGHTING pd=UNITY_ENABLE_REFLECTION_BUFFERS UNITY_USE_DITHER_MASK_FOR_ALPHABLENDED_SHADOWS UNITY_PBS_USE_BRDF1 UNITY_SPECCUBE_BOX_PROJECTION UNITY_SPECCUBE_BLENDING UNITY_ENABLE_DETAIL_NORMALMAP SHADER_API_DESKTOP UNITY_LIGHT_PROBE_PROXY_VOLUME UNITY_LIGHTMAP_FULL_HDR ok=1
Cmd: compileSnippet
  api=4 type=0 insize=7304 outsize=810 kw=_SURFACE_TYPE_TRANSPARENT _NORMALMAP_TANGENT_SPACE _EMISSIVE_COLOR_MAP _DISABLE_SSR _BLENDMODE_ADD _BLENDMODE_PRESERVE_SPECULAR_LIGHTING pd=UNITY_ENABLE_REFLECTION_BUFFERS UNITY_USE_DITHER_MASK_FOR_ALPHABLENDED_SHADOWS UNITY_PBS_USE_BRDF1 UNITY_SPECCUBE_BOX_PROJECTION UNITY_SPECCUBE_BLENDING UNITY_ENABLE_DETAIL_NORMALMAP SHADER_API_DESKTOP UNITY_LIGHT_PROBE_PROXY_VOLUME UNITY_LIGHTMAP_FULL_HDR ok=1
Cmd: compileSnippet
  api=4 type=1 insize=7304 outsize=262 kw=_SURFACE_TYPE_TRANSPARENT _NORMALMAP_TANGENT_SPACE _EMISSIVE_COLOR_MAP _DISABLE_SSR _BLENDMODE_ADD _BLENDMODE_PRESERVE_SPECULAR_LIGHTING pd=UNITY_ENABLE_REFLECTION_BUFFERS UNITY_USE_DITHER_MASK_FOR_ALPHABLENDED_SHADOWS UNITY_PBS_USE_BRDF1 UNITY_SPECCUBE_BOX_PROJECTION UNITY_SPECCUBE_BLENDING UNITY_ENABLE_DETAIL_NORMALMAP SHADER_API_DESKTOP UNITY_LIGHT_PROBE_PROXY_VOLUME UNITY_LIGHTMAP_FULL_HDR ok=1
Cmd: compileSnippet
  api=4 type=1 insize=8987 outsize=71906 kw=DECALS_3RT SHADOW_MEDIUM USE_CLUSTERED_LIGHTLIST _SURFACE_TYPE_TRANSPARENT _NORMALMAP_TANGENT_SPACE _EMISSIVE_COLOR_MAP _DISABLE_SSR _BLENDMODE_ADD _BLENDMODE_PRESERVE_SPECULAR_LIGHTING pd=UNITY_ENABLE_REFLECTION_BUFFERS UNITY_USE_DITHER_MASK_FOR_ALPHABLENDED_SHADOWS UNITY_PBS_USE_BRDF1 UNITY_SPECCUBE_BOX_PROJECTION UNITY_SPECCUBE_BLENDING UNITY_ENABLE_DETAIL_NORMALMAP SHADER_API_DESKTOP UNITY_LIGHT_PROBE_PROXY_VOLUME UNITY_LIGHTMAP_FULL_HDR ok=1
Cmd: compileSnippet
  api=4 type=0 insize=7304 outsize=810 kw=_SURFACE_TYPE_TRANSPARENT _NORMALMAP_TANGENT_SPACE _EMISSIVE_COLOR_MAP _DISABLE_SSR _BLENDMODE_PRE_MULTIPLY _BLENDMODE_PRESERVE_SPECULAR_LIGHTING pd=UNITY_ENABLE_REFLECTION_BUFFERS UNITY_USE_DITHER_MASK_FOR_ALPHABLENDED_SHADOWS UNITY_PBS_USE_BRDF1 UNITY_SPECCUBE_BOX_PROJECTION UNITY_SPECCUBE_BLENDING UNITY_ENABLE_DETAIL_NORMALMAP SHADER_API_DESKTOP UNITY_LIGHT_PROBE_PROXY_VOLUME UNITY_LIGHTMAP_FULL_HDR ok=1
Cmd: compileSnippet
  api=4 type=1 insize=7304 outsize=262 kw=_SURFACE_TYPE_TRANSPARENT _NORMALMAP_TANGENT_SPACE _EMISSIVE_COLOR_MAP _DISABLE_SSR _BLENDMODE_PRE_MULTIPLY _BLENDMODE_PRESERVE_SPECULAR_LIGHTING pd=UNITY_ENABLE_REFLECTION_BUFFERS UNITY_USE_DITHER_MASK_FOR_ALPHABLENDED_SHADOWS UNITY_PBS_USE_BRDF1 UNITY_SPECCUBE_BOX_PROJECTION UNITY_SPECCUBE_BLENDING UNITY_ENABLE_DETAIL_NORMALMAP SHADER_API_DESKTOP UNITY_LIGHT_PROBE_PROXY_VOLUME UNITY_LIGHTMAP_FULL_HDR ok=1
Cmd: compileSnippet
  api=4 type=1 insize=8987 outsize=71878 kw=DECALS_3RT SHADOW_MEDIUM USE_CLUSTERED_LIGHTLIST _SURFACE_TYPE_TRANSPARENT _NORMALMAP_TANGENT_SPACE _EMISSIVE_COLOR_MAP _DISABLE_SSR _BLENDMODE_PRE_MULTIPLY _BLENDMODE_PRESERVE_SPECULAR_LIGHTING pd=UNITY_ENABLE_REFLECTION_BUFFERS UNITY_USE_DITHER_MASK_FOR_ALPHABLENDED_SHADOWS UNITY_PBS_USE_BRDF1 UNITY_SPECCUBE_BOX_PROJECTION UNITY_SPECCUBE_BLENDING UNITY_ENABLE_DETAIL_NORMALMAP SHADER_API_DESKTOP UNITY_LIGHT_PROBE_PROXY_VOLUME UNITY_LIGHTMAP_FULL_HDR ok=1
Cmd: compileSnippet
  api=4 type=0 insize=6948 outsize=810 kw=UNITY_PASS_SHADOWCASTER _SURFACE_TYPE_TRANSPARENT _NORMALMAP_TANGENT_SPACE _EMISSIVE_COLOR_MAP _DISABLE_SSR _BLENDMODE_PRE_MULTIPLY pd=UNITY_ENABLE_REFLECTION_BUFFERS UNITY_USE_DITHER_MASK_FOR_ALPHABLENDED_SHADOWS UNITY_PBS_USE_BRDF1 UNITY_SPECCUBE_BOX_PROJECTION UNITY_SPECCUBE_BLENDING UNITY_ENABLE_DETAIL_NORMALMAP SHADER_API_DESKTOP UNITY_LIGHT_PROBE_PROXY_VOLUME UNITY_LIGHTMAP_FULL_HDR ok=1
Cmd: compileSnippet
  api=4 type=1 insize=6948 outsize=142 kw=UNITY_PASS_SHADOWCASTER _SURFACE_TYPE_TRANSPARENT _NORMALMAP_TANGENT_SPACE _EMISSIVE_COLOR_MAP _DISABLE_SSR _BLENDMODE_PRE_MULTIPLY pd=UNITY_ENABLE_REFLECTION_BUFFERS UNITY_USE_DITHER_MASK_FOR_ALPHABLENDED_SHADOWS UNITY_PBS_USE_BRDF1 UNITY_SPECCUBE_BOX_PROJECTION UNITY_SPECCUBE_BLENDING UNITY_ENABLE_DETAIL_NORMALMAP SHADER_API_DESKTOP UNITY_LIGHT_PROBE_PROXY_VOLUME UNITY_LIGHTMAP_FULL_HDR ok=1
Cmd: compileSnippet
  api=4 type=0 insize=8987 outsize=1726 kw=DECALS_3RT SHADOW_MEDIUM USE_CLUSTERED_LIGHTLIST _SURFACE_TYPE_TRANSPARENT _NORMALMAP_TANGENT_SPACE _EMISSIVE_COLOR_MAP _DISABLE_SSR _BLENDMODE_PRE_MULTIPLY pd=UNITY_ENABLE_REFLECTION_BUFFERS UNITY_USE_DITHER_MASK_FOR_ALPHABLENDED_SHADOWS UNITY_PBS_USE_BRDF1 UNITY_SPECCUBE_BOX_PROJECTION UNITY_SPECCUBE_BLENDING UNITY_ENABLE_DETAIL_NORMALMAP SHADER_API_DESKTOP UNITY_LIGHT_PROBE_PROXY_VOLUME UNITY_LIGHTMAP_FULL_HDR ok=1
Cmd: compileSnippet
  api=4 type=1 insize=8987 outsize=71878 kw=DECALS_3RT SHADOW_MEDIUM USE_CLUSTERED_LIGHTLIST _SURFACE_TYPE_TRANSPARENT _NORMALMAP_TANGENT_SPACE _EMISSIVE_COLOR_MAP _DISABLE_SSR _BLENDMODE_PRE_MULTIPLY pd=UNITY_ENABLE_REFLECTION_BUFFERS UNITY_USE_DITHER_MASK_FOR_ALPHABLENDED_SHADOWS UNITY_PBS_USE_BRDF1 UNITY_SPECCUBE_BOX_PROJECTION UNITY_SPECCUBE_BLENDING UNITY_ENABLE_DETAIL_NORMALMAP SHADER_API_DESKTOP UNITY_LIGHT_PROBE_PROXY_VOLUME UNITY_LIGHTMAP_FULL_HDR ok=1
Cmd: compileSnippet
  api=4 type=0 insize=7304 outsize=810 kw=_SURFACE_TYPE_TRANSPARENT _NORMALMAP_TANGENT_SPACE _EMISSIVE_COLOR_MAP _DISABLE_SSR _BLENDMODE_PRE_MULTIPLY pd=UNITY_ENABLE_REFLECTION_BUFFERS UNITY_USE_DITHER_MASK_FOR_ALPHABLENDED_SHADOWS UNITY_PBS_USE_BRDF1 UNITY_SPECCUBE_BOX_PROJECTION UNITY_SPECCUBE_BLENDING UNITY_ENABLE_DETAIL_NORMALMAP SHADER_API_DESKTOP UNITY_LIGHT_PROBE_PROXY_VOLUME UNITY_LIGHTMAP_FULL_HDR ok=1
Cmd: compileSnippet
  api=4 type=1 insize=7304 outsize=262 kw=_SURFACE_TYPE_TRANSPARENT _NORMALMAP_TANGENT_SPACE _EMISSIVE_COLOR_MAP _DISABLE_SSR _BLENDMODE_PRE_MULTIPLY pd=UNITY_ENABLE_REFLECTION_BUFFERS UNITY_USE_DITHER_MASK_FOR_ALPHABLENDED_SHADOWS UNITY_PBS_USE_BRDF1 UNITY_SPECCUBE_BOX_PROJECTION UNITY_SPECCUBE_BLENDING UNITY_ENABLE_DETAIL_NORMALMAP SHADER_API_DESKTOP UNITY_LIGHT_PROBE_PROXY_VOLUME UNITY_LIGHTMAP_FULL_HDR ok=1
Cmd: compileSnippet
  api=4 type=0 insize=8584 outsize=1726 kw=DECALS_3RT SHADOW_MEDIUM _SURFACE_TYPE_TRANSPARENT _NORMALMAP_TANGENT_SPACE _EMISSIVE_COLOR_MAP _DISABLE_SSR _BLENDMODE_PRE_MULTIPLY pd=UNITY_ENABLE_REFLECTION_BUFFERS UNITY_USE_DITHER_MASK_FOR_ALPHABLENDED_SHADOWS UNITY_PBS_USE_BRDF1 UNITY_SPECCUBE_BOX_PROJECTION UNITY_SPECCUBE_BLENDING UNITY_ENABLE_DETAIL_NORMALMAP SHADER_API_DESKTOP UNITY_LIGHT_PROBE_PROXY_VOLUME UNITY_LIGHTMAP_FULL_HDR ok=1
Cmd: compileSnippet
  api=4 type=1 insize=8584 outsize=71878 kw=DECALS_3RT SHADOW_MEDIUM _SURFACE_TYPE_TRANSPARENT _NORMALMAP_TANGENT_SPACE _EMISSIVE_COLOR_MAP _DISABLE_SSR _BLENDMODE_PRE_MULTIPLY pd=UNITY_ENABLE_REFLECTION_BUFFERS UNITY_USE_DITHER_MASK_FOR_ALPHABLENDED_SHADOWS UNITY_PBS_USE_BRDF1 UNITY_SPECCUBE_BOX_PROJECTION UNITY_SPECCUBE_BLENDING UNITY_ENABLE_DETAIL_NORMALMAP SHADER_API_DESKTOP UNITY_LIGHT_PROBE_PROXY_VOLUME UNITY_LIGHTMAP_FULL_HDR ok=1
Cmd: compileSnippet
  api=4 type=0 insize=6948 outsize=1034 kw=UNITY_PASS_SHADOWCASTER _SURFACE_TYPE_TRANSPARENT _ALPHATEST_ON _NORMALMAP_TANGENT_SPACE _EMISSIVE_COLOR_MAP _DISABLE_SSR _BLENDMODE_ALPHA _BLENDMODE_PRESERVE_SPECULAR_LIGHTING pd=UNITY_ENABLE_REFLECTION_BUFFERS UNITY_USE_DITHER_MASK_FOR_ALPHABLENDED_SHADOWS UNITY_PBS_USE_BRDF1 UNITY_SPECCUBE_BOX_PROJECTION UNITY_SPECCUBE_BLENDING UNITY_ENABLE_DETAIL_NORMALMAP SHADER_API_DESKTOP UNITY_LIGHT_PROBE_PROXY_VOLUME UNITY_LIGHTMAP_FULL_HDR ok=1
Cmd: compileSnippet
  api=4 type=1 insize=6948 outsize=690 kw=UNITY_PASS_SHADOWCASTER _SURFACE_TYPE_TRANSPARENT _ALPHATEST_ON _NORMALMAP_TANGENT_SPACE _EMISSIVE_COLOR_MAP _DISABLE_SSR _BLENDMODE_ALPHA _BLENDMODE_PRESERVE_SPECULAR_LIGHTING pd=UNITY_ENABLE_REFLECTION_BUFFERS UNITY_USE_DITHER_MASK_FOR_ALPHABLENDED_SHADOWS UNITY_PBS_USE_BRDF1 UNITY_SPECCUBE_BOX_PROJECTION UNITY_SPECCUBE_BLENDING UNITY_ENABLE_DETAIL_NORMALMAP SHADER_API_DESKTOP UNITY_LIGHT_PROBE_PROXY_VOLUME UNITY_LIGHTMAP_FULL_HDR ok=1
Cmd: compileSnippet
  api=4 type=0 insize=8987 outsize=1726 kw=DECALS_3RT SHADOW_MEDIUM USE_CLUSTERED_LIGHTLIST _SURFACE_TYPE_TRANSPARENT _ALPHATEST_ON _NORMALMAP_TANGENT_SPACE _EMISSIVE_COLOR_MAP _DISABLE_SSR _BLENDMODE_ALPHA _BLENDMODE_PRESERVE_SPECULAR_LIGHTING pd=UNITY_ENABLE_REFLECTION_BUFFERS UNITY_USE_DITHER_MASK_FOR_ALPHABLENDED_SHADOWS UNITY_PBS_USE_BRDF1 UNITY_SPECCUBE_BOX_PROJECTION UNITY_SPECCUBE_BLENDING UNITY_ENABLE_DETAIL_NORMALMAP SHADER_API_DESKTOP UNITY_LIGHT_PROBE_PROXY_VOLUME UNITY_LIGHTMAP_FULL_HDR ok=1
Cmd: compileSnippet
  api=4 type=1 insize=8987 outsize=71994 kw=DECALS_3RT SHADOW_MEDIUM USE_CLUSTERED_LIGHTLIST _SURFACE_TYPE_TRANSPARENT _ALPHATEST_ON _NORMALMAP_TANGENT_SPACE _EMISSIVE_COLOR_MAP _DISABLE_SSR _BLENDMODE_ALPHA _BLENDMODE_PRESERVE_SPECULAR_LIGHTING pd=UNITY_ENABLE_REFLECTION_BUFFERS UNITY_USE_DITHER_MASK_FOR_ALPHABLENDED_SHADOWS UNITY_PBS_USE_BRDF1 UNITY_SPECCUBE_BOX_PROJECTION UNITY_SPECCUBE_BLENDING UNITY_ENABLE_DETAIL_NORMALMAP SHADER_API_DESKTOP UNITY_LIGHT_PROBE_PROXY_VOLUME UNITY_LIGHTMAP_FULL_HDR ok=1
Cmd: compileSnippet
  api=4 type=0 insize=6948 outsize=810 kw=UNITY_PASS_SHADOWCASTER _SURFACE_TYPE_TRANSPARENT _DOUBLESIDED_ON _NORMALMAP_TANGENT_SPACE _EMISSIVE_COLOR_MAP _DISABLE_SSR _BLENDMODE_ALPHA _BLENDMODE_PRESERVE_SPECULAR_LIGHTING pd=UNITY_ENABLE_REFLECTION_BUFFERS UNITY_USE_DITHER_MASK_FOR_ALPHABLENDED_SHADOWS UNITY_PBS_USE_BRDF1 UNITY_SPECCUBE_BOX_PROJECTION UNITY_SPECCUBE_BLENDING UNITY_ENABLE_DETAIL_NORMALMAP SHADER_API_DESKTOP UNITY_LIGHT_PROBE_PROXY_VOLUME UNITY_LIGHTMAP_FULL_HDR ok=1
Cmd: compileSnippet
  api=4 type=1 insize=6948 outsize=142 kw=UNITY_PASS_SHADOWCASTER _SURFACE_TYPE_TRANSPARENT _DOUBLESIDED_ON _NORMALMAP_TANGENT_SPACE _EMISSIVE_COLOR_MAP _DISABLE_SSR _BLENDMODE_ALPHA _BLENDMODE_PRESERVE_SPECULAR_LIGHTING pd=UNITY_ENABLE_REFLECTION_BUFFERS UNITY_USE_DITHER_MASK_FOR_ALPHABLENDED_SHADOWS UNITY_PBS_USE_BRDF1 UNITY_SPECCUBE_BOX_PROJECTION UNITY_SPECCUBE_BLENDING UNITY_ENABLE_DETAIL_NORMALMAP SHADER_API_DESKTOP UNITY_LIGHT_PROBE_PROXY_VOLUME UNITY_LIGHTMAP_FULL_HDR ok=1
Cmd: compileSnippet
  api=4 type=0 insize=8987 outsize=1726 kw=DECALS_3RT SHADOW_MEDIUM USE_CLUSTERED_LIGHTLIST _SURFACE_TYPE_TRANSPARENT _DOUBLESIDED_ON _NORMALMAP_TANGENT_SPACE _EMISSIVE_COLOR_MAP _DISABLE_SSR _BLENDMODE_ALPHA _BLENDMODE_PRESERVE_SPECULAR_LIGHTING pd=UNITY_ENABLE_REFLECTION_BUFFERS UNITY_USE_DITHER_MASK_FOR_ALPHABLENDED_SHADOWS UNITY_PBS_USE_BRDF1 UNITY_SPECCUBE_BOX_PROJECTION UNITY_SPECCUBE_BLENDING UNITY_ENABLE_DETAIL_NORMALMAP SHADER_API_DESKTOP UNITY_LIGHT_PROBE_PROXY_VOLUME UNITY_LIGHTMAP_FULL_HDR ok=1
Cmd: compileSnippet
  api=4 type=1 insize=8987 outsize=72026 kw=DECALS_3RT SHADOW_MEDIUM USE_CLUSTERED_LIGHTLIST _SURFACE_TYPE_TRANSPARENT _DOUBLESIDED_ON _NORMALMAP_TANGENT_SPACE _EMISSIVE_COLOR_MAP _DISABLE_SSR _BLENDMODE_ALPHA _BLENDMODE_PRESERVE_SPECULAR_LIGHTING pd=UNITY_ENABLE_REFLECTION_BUFFERS UNITY_USE_DITHER_MASK_FOR_ALPHABLENDED_SHADOWS UNITY_PBS_USE_BRDF1 UNITY_SPECCUBE_BOX_PROJECTION UNITY_SPECCUBE_BLENDING UNITY_ENABLE_DETAIL_NORMALMAP SHADER_API_DESKTOP UNITY_LIGHT_PROBE_PROXY_VOLUME UNITY_LIGHTMAP_FULL_HDR ok=1
Cmd: compileSnippet
  api=4 type=0 insize=6948 outsize=810 kw=UNITY_PASS_SHADOWCASTER _SURFACE_TYPE_TRANSPARENT _DOUBLESIDED_ON _NORMALMAP_TANGENT_SPACE _EMISSIVE_COLOR_MAP _BLENDMODE_ALPHA _BLENDMODE_PRESERVE_SPECULAR_LIGHTING pd=UNITY_ENABLE_REFLECTION_BUFFERS UNITY_USE_DITHER_MASK_FOR_ALPHABLENDED_SHADOWS UNITY_PBS_USE_BRDF1 UNITY_SPECCUBE_BOX_PROJECTION UNITY_SPECCUBE_BLENDING UNITY_ENABLE_DETAIL_NORMALMAP SHADER_API_DESKTOP UNITY_LIGHT_PROBE_PROXY_VOLUME UNITY_LIGHTMAP_FULL_HDR ok=1
Cmd: compileSnippet
  api=4 type=1 insize=6948 outsize=142 kw=UNITY_PASS_SHADOWCASTER _SURFACE_TYPE_TRANSPARENT _DOUBLESIDED_ON _NORMALMAP_TANGENT_SPACE _EMISSIVE_COLOR_MAP _BLENDMODE_ALPHA _BLENDMODE_PRESERVE_SPECULAR_LIGHTING pd=UNITY_ENABLE_REFLECTION_BUFFERS UNITY_USE_DITHER_MASK_FOR_ALPHABLENDED_SHADOWS UNITY_PBS_USE_BRDF1 UNITY_SPECCUBE_BOX_PROJECTION UNITY_SPECCUBE_BLENDING UNITY_ENABLE_DETAIL_NORMALMAP SHADER_API_DESKTOP UNITY_LIGHT_PROBE_PROXY_VOLUME UNITY_LIGHTMAP_FULL_HDR ok=1
Cmd: compileSnippet
  api=4 type=0 insize=8987 outsize=1726 kw=DECALS_3RT SHADOW_MEDIUM USE_CLUSTERED_LIGHTLIST _SURFACE_TYPE_TRANSPARENT _DOUBLESIDED_ON _NORMALMAP_TANGENT_SPACE _EMISSIVE_COLOR_MAP _BLENDMODE_ALPHA _BLENDMODE_PRESERVE_SPECULAR_LIGHTING pd=UNITY_ENABLE_REFLECTION_BUFFERS UNITY_USE_DITHER_MASK_FOR_ALPHABLENDED_SHADOWS UNITY_PBS_USE_BRDF1 UNITY_SPECCUBE_BOX_PROJECTION UNITY_SPECCUBE_BLENDING UNITY_ENABLE_DETAIL_NORMALMAP SHADER_API_DESKTOP UNITY_LIGHT_PROBE_PROXY_VOLUME UNITY_LIGHTMAP_FULL_HDR ok=1
Cmd: compileSnippet
  api=4 type=1 insize=8987 outsize=72026 kw=DECALS_3RT SHADOW_MEDIUM USE_CLUSTERED_LIGHTLIST _SURFACE_TYPE_TRANSPARENT _DOUBLESIDED_ON _NORMALMAP_TANGENT_SPACE _EMISSIVE_COLOR_MAP _BLENDMODE_ALPHA _BLENDMODE_PRESERVE_SPECULAR_LIGHTING pd=UNITY_ENABLE_REFLECTION_BUFFERS UNITY_USE_DITHER_MASK_FOR_ALPHABLENDED_SHADOWS UNITY_PBS_USE_BRDF1 UNITY_SPECCUBE_BOX_PROJECTION UNITY_SPECCUBE_BLENDING UNITY_ENABLE_DETAIL_NORMALMAP SHADER_API_DESKTOP UNITY_LIGHT_PROBE_PROXY_VOLUME UNITY_LIGHTMAP_FULL_HDR ok=1
Cmd: compileSnippet
  api=4 type=0 insize=7304 outsize=810 kw=_SURFACE_TYPE_TRANSPARENT _DOUBLESIDED_ON _NORMALMAP_TANGENT_SPACE _EMISSIVE_COLOR_MAP _DISABLE_SSR _BLENDMODE_ALPHA _BLENDMODE_PRESERVE_SPECULAR_LIGHTING pd=UNITY_ENABLE_REFLECTION_BUFFERS UNITY_USE_DITHER_MASK_FOR_ALPHABLENDED_SHADOWS UNITY_PBS_USE_BRDF1 UNITY_SPECCUBE_BOX_PROJECTION UNITY_SPECCUBE_BLENDING UNITY_ENABLE_DETAIL_NORMALMAP SHADER_API_DESKTOP UNITY_LIGHT_PROBE_PROXY_VOLUME UNITY_LIGHTMAP_FULL_HDR ok=1
Cmd: compileSnippet
  api=4 type=1 insize=7304 outsize=262 kw=_SURFACE_TYPE_TRANSPARENT _DOUBLESIDED_ON _NORMALMAP_TANGENT_SPACE _EMISSIVE_COLOR_MAP _DISABLE_SSR _BLENDMODE_ALPHA _BLENDMODE_PRESERVE_SPECULAR_LIGHTING pd=UNITY_ENABLE_REFLECTION_BUFFERS UNITY_USE_DITHER_MASK_FOR_ALPHABLENDED_SHADOWS UNITY_PBS_USE_BRDF1 UNITY_SPECCUBE_BOX_PROJECTION UNITY_SPECCUBE_BLENDING UNITY_ENABLE_DETAIL_NORMALMAP SHADER_API_DESKTOP UNITY_LIGHT_PROBE_PROXY_VOLUME UNITY_LIGHTMAP_FULL_HDR ok=1
Cmd: compileSnippet
  api=4 type=0 insize=7304 outsize=810 kw=_SURFACE_TYPE_TRANSPARENT _NORMALMAP_TANGENT_SPACE _EMISSIVE_COLOR_MAP _DISABLE_SSR _BLENDMODE_ALPHA pd=UNITY_ENABLE_REFLECTION_BUFFERS UNITY_USE_DITHER_MASK_FOR_ALPHABLENDED_SHADOWS UNITY_PBS_USE_BRDF1 UNITY_SPECCUBE_BOX_PROJECTION UNITY_SPECCUBE_BLENDING UNITY_ENABLE_DETAIL_NORMALMAP SHADER_API_DESKTOP UNITY_LIGHT_PROBE_PROXY_VOLUME UNITY_LIGHTMAP_FULL_HDR ok=1
Cmd: compileSnippet
  api=4 type=1 insize=7304 outsize=262 kw=_SURFACE_TYPE_TRANSPARENT _NORMALMAP_TANGENT_SPACE _EMISSIVE_COLOR_MAP _DISABLE_SSR _BLENDMODE_ALPHA pd=UNITY_ENABLE_REFLECTION_BUFFERS UNITY_USE_DITHER_MASK_FOR_ALPHABLENDED_SHADOWS UNITY_PBS_USE_BRDF1 UNITY_SPECCUBE_BOX_PROJECTION UNITY_SPECCUBE_BLENDING UNITY_ENABLE_DETAIL_NORMALMAP SHADER_API_DESKTOP UNITY_LIGHT_PROBE_PROXY_VOLUME UNITY_LIGHTMAP_FULL_HDR ok=1
Cmd: compileSnippet
  api=4 type=0 insize=6948 outsize=810 kw=UNITY_PASS_SHADOWCASTER _SURFACE_TYPE_TRANSPARENT _NORMALMAP_TANGENT_SPACE _EMISSIVE_COLOR_MAP _DISABLE_SSR _BLENDMODE_ADD pd=UNITY_ENABLE_REFLECTION_BUFFERS UNITY_USE_DITHER_MASK_FOR_ALPHABLENDED_SHADOWS UNITY_PBS_USE_BRDF1 UNITY_SPECCUBE_BOX_PROJECTION UNITY_SPECCUBE_BLENDING UNITY_ENABLE_DETAIL_NORMALMAP SHADER_API_DESKTOP UNITY_LIGHT_PROBE_PROXY_VOLUME UNITY_LIGHTMAP_FULL_HDR ok=1
Cmd: compileSnippet
  api=4 type=1 insize=6948 outsize=142 kw=UNITY_PASS_SHADOWCASTER _SURFACE_TYPE_TRANSPARENT _NORMALMAP_TANGENT_SPACE _EMISSIVE_COLOR_MAP _DISABLE_SSR _BLENDMODE_ADD pd=UNITY_ENABLE_REFLECTION_BUFFERS UNITY_USE_DITHER_MASK_FOR_ALPHABLENDED_SHADOWS UNITY_PBS_USE_BRDF1 UNITY_SPECCUBE_BOX_PROJECTION UNITY_SPECCUBE_BLENDING UNITY_ENABLE_DETAIL_NORMALMAP SHADER_API_DESKTOP UNITY_LIGHT_PROBE_PROXY_VOLUME UNITY_LIGHTMAP_FULL_HDR ok=1
Cmd: compileSnippet
  api=4 type=0 insize=8987 outsize=1726 kw=DECALS_3RT SHADOW_MEDIUM USE_CLUSTERED_LIGHTLIST _SURFACE_TYPE_TRANSPARENT _NORMALMAP_TANGENT_SPACE _EMISSIVE_COLOR_MAP _DISABLE_SSR _BLENDMODE_ADD pd=UNITY_ENABLE_REFLECTION_BUFFERS UNITY_USE_DITHER_MASK_FOR_ALPHABLENDED_SHADOWS UNITY_PBS_USE_BRDF1 UNITY_SPECCUBE_BOX_PROJECTION UNITY_SPECCUBE_BLENDING UNITY_ENABLE_DETAIL_NORMALMAP SHADER_API_DESKTOP UNITY_LIGHT_PROBE_PROXY_VOLUME UNITY_LIGHTMAP_FULL_HDR ok=1
Cmd: compileSnippet
  api=4 type=1 insize=8987 outsize=71906 kw=DECALS_3RT SHADOW_MEDIUM USE_CLUSTERED_LIGHTLIST _SURFACE_TYPE_TRANSPARENT _NORMALMAP_TANGENT_SPACE _EMISSIVE_COLOR_MAP _DISABLE_SSR _BLENDMODE_ADD pd=UNITY_ENABLE_REFLECTION_BUFFERS UNITY_USE_DITHER_MASK_FOR_ALPHABLENDED_SHADOWS UNITY_PBS_USE_BRDF1 UNITY_SPECCUBE_BOX_PROJECTION UNITY_SPECCUBE_BLENDING UNITY_ENABLE_DETAIL_NORMALMAP SHADER_API_DESKTOP UNITY_LIGHT_PROBE_PROXY_VOLUME UNITY_LIGHTMAP_FULL_HDR ok=1
Cmd: compileSnippet
  api=4 type=0 insize=7304 outsize=810 kw=_SURFACE_TYPE_TRANSPARENT _NORMALMAP_TANGENT_SPACE _EMISSIVE_COLOR_MAP _DISABLE_SSR _BLENDMODE_ADD pd=UNITY_ENABLE_REFLECTION_BUFFERS UNITY_USE_DITHER_MASK_FOR_ALPHABLENDED_SHADOWS UNITY_PBS_USE_BRDF1 UNITY_SPECCUBE_BOX_PROJECTION UNITY_SPECCUBE_BLENDING UNITY_ENABLE_DETAIL_NORMALMAP SHADER_API_DESKTOP UNITY_LIGHT_PROBE_PROXY_VOLUME UNITY_LIGHTMAP_FULL_HDR ok=1
Cmd: compileSnippet
  api=4 type=1 insize=7304 outsize=262 kw=_SURFACE_TYPE_TRANSPARENT _NORMALMAP_TANGENT_SPACE _EMISSIVE_COLOR_MAP _DISABLE_SSR _BLENDMODE_ADD pd=UNITY_ENABLE_REFLECTION_BUFFERS UNITY_USE_DITHER_MASK_FOR_ALPHABLENDED_SHADOWS UNITY_PBS_USE_BRDF1 UNITY_SPECCUBE_BOX_PROJECTION UNITY_SPECCUBE_BLENDING UNITY_ENABLE_DETAIL_NORMALMAP SHADER_API_DESKTOP UNITY_LIGHT_PROBE_PROXY_VOLUME UNITY_LIGHTMAP_FULL_HDR ok=1
Cmd: compileSnippet
  api=4 type=0 insize=6948 outsize=1034 kw=UNITY_PASS_SHADOWCASTER _SURFACE_TYPE_TRANSPARENT _ALPHATEST_ON _NORMALMAP_TANGENT_SPACE _EMISSIVE_COLOR_MAP _DISABLE_SSR _BLENDMODE_ALPHA pd=UNITY_ENABLE_REFLECTION_BUFFERS UNITY_USE_DITHER_MASK_FOR_ALPHABLENDED_SHADOWS UNITY_PBS_USE_BRDF1 UNITY_SPECCUBE_BOX_PROJECTION UNITY_SPECCUBE_BLENDING UNITY_ENABLE_DETAIL_NORMALMAP SHADER_API_DESKTOP UNITY_LIGHT_PROBE_PROXY_VOLUME UNITY_LIGHTMAP_FULL_HDR ok=1
Cmd: compileSnippet
  api=4 type=1 insize=6948 outsize=690 kw=UNITY_PASS_SHADOWCASTER _SURFACE_TYPE_TRANSPARENT _ALPHATEST_ON _NORMALMAP_TANGENT_SPACE _EMISSIVE_COLOR_MAP _DISABLE_SSR _BLENDMODE_ALPHA pd=UNITY_ENABLE_REFLECTION_BUFFERS UNITY_USE_DITHER_MASK_FOR_ALPHABLENDED_SHADOWS UNITY_PBS_USE_BRDF1 UNITY_SPECCUBE_BOX_PROJECTION UNITY_SPECCUBE_BLENDING UNITY_ENABLE_DETAIL_NORMALMAP SHADER_API_DESKTOP UNITY_LIGHT_PROBE_PROXY_VOLUME UNITY_LIGHTMAP_FULL_HDR ok=1
Cmd: compileSnippet
  api=4 type=0 insize=8987 outsize=1726 kw=DECALS_3RT SHADOW_MEDIUM USE_CLUSTERED_LIGHTLIST _SURFACE_TYPE_TRANSPARENT _ALPHATEST_ON _NORMALMAP_TANGENT_SPACE _EMISSIVE_COLOR_MAP _DISABLE_SSR _BLENDMODE_ALPHA pd=UNITY_ENABLE_REFLECTION_BUFFERS UNITY_USE_DITHER_MASK_FOR_ALPHABLENDED_SHADOWS UNITY_PBS_USE_BRDF1 UNITY_SPECCUBE_BOX_PROJECTION UNITY_SPECCUBE_BLENDING UNITY_ENABLE_DETAIL_NORMALMAP SHADER_API_DESKTOP UNITY_LIGHT_PROBE_PROXY_VOLUME UNITY_LIGHTMAP_FULL_HDR ok=1
Cmd: compileSnippet
  api=4 type=1 insize=8987 outsize=71994 kw=DECALS_3RT SHADOW_MEDIUM USE_CLUSTERED_LIGHTLIST _SURFACE_TYPE_TRANSPARENT _ALPHATEST_ON _NORMALMAP_TANGENT_SPACE _EMISSIVE_COLOR_MAP _DISABLE_SSR _BLENDMODE_ALPHA pd=UNITY_ENABLE_REFLECTION_BUFFERS UNITY_USE_DITHER_MASK_FOR_ALPHABLENDED_SHADOWS UNITY_PBS_USE_BRDF1 UNITY_SPECCUBE_BOX_PROJECTION UNITY_SPECCUBE_BLENDING UNITY_ENABLE_DETAIL_NORMALMAP SHADER_API_DESKTOP UNITY_LIGHT_PROBE_PROXY_VOLUME UNITY_LIGHTMAP_FULL_HDR ok=1
Cmd: compileSnippet
  api=4 type=0 insize=7304 outsize=1034 kw=_SURFACE_TYPE_TRANSPARENT _ALPHATEST_ON _NORMALMAP_TANGENT_SPACE _EMISSIVE_COLOR_MAP _DISABLE_SSR _BLENDMODE_ALPHA pd=UNITY_ENABLE_REFLECTION_BUFFERS UNITY_USE_DITHER_MASK_FOR_ALPHABLENDED_SHADOWS UNITY_PBS_USE_BRDF1 UNITY_SPECCUBE_BOX_PROJECTION UNITY_SPECCUBE_BLENDING UNITY_ENABLE_DETAIL_NORMALMAP SHADER_API_DESKTOP UNITY_LIGHT_PROBE_PROXY_VOLUME UNITY_LIGHTMAP_FULL_HDR ok=1
Cmd: compileSnippet
  api=4 type=1 insize=7304 outsize=710 kw=_SURFACE_TYPE_TRANSPARENT _ALPHATEST_ON _NORMALMAP_TANGENT_SPACE _EMISSIVE_COLOR_MAP _DISABLE_SSR _BLENDMODE_ALPHA pd=UNITY_ENABLE_REFLECTION_BUFFERS UNITY_USE_DITHER_MASK_FOR_ALPHABLENDED_SHADOWS UNITY_PBS_USE_BRDF1 UNITY_SPECCUBE_BOX_PROJECTION UNITY_SPECCUBE_BLENDING UNITY_ENABLE_DETAIL_NORMALMAP SHADER_API_DESKTOP UNITY_LIGHT_PROBE_PROXY_VOLUME UNITY_LIGHTMAP_FULL_HDR ok=1
Cmd: compileSnippet
  api=4 type=0 insize=6948 outsize=810 kw=UNITY_PASS_SHADOWCASTER _SURFACE_TYPE_TRANSPARENT _NORMALMAP_TANGENT_SPACE _EMISSIVE_COLOR_MAP _DISABLE_SSR _ENABLE_GEOMETRIC_SPECULAR_AA _BLENDMODE_ALPHA pd=UNITY_ENABLE_REFLECTION_BUFFERS UNITY_USE_DITHER_MASK_FOR_ALPHABLENDED_SHADOWS UNITY_PBS_USE_BRDF1 UNITY_SPECCUBE_BOX_PROJECTION UNITY_SPECCUBE_BLENDING UNITY_ENABLE_DETAIL_NORMALMAP SHADER_API_DESKTOP UNITY_LIGHT_PROBE_PROXY_VOLUME UNITY_LIGHTMAP_FULL_HDR ok=1
Cmd: compileSnippet
  api=4 type=1 insize=6948 outsize=142 kw=UNITY_PASS_SHADOWCASTER _SURFACE_TYPE_TRANSPARENT _NORMALMAP_TANGENT_SPACE _EMISSIVE_COLOR_MAP _DISABLE_SSR _ENABLE_GEOMETRIC_SPECULAR_AA _BLENDMODE_ALPHA pd=UNITY_ENABLE_REFLECTION_BUFFERS UNITY_USE_DITHER_MASK_FOR_ALPHABLENDED_SHADOWS UNITY_PBS_USE_BRDF1 UNITY_SPECCUBE_BOX_PROJECTION UNITY_SPECCUBE_BLENDING UNITY_ENABLE_DETAIL_NORMALMAP SHADER_API_DESKTOP UNITY_LIGHT_PROBE_PROXY_VOLUME UNITY_LIGHTMAP_FULL_HDR ok=1
Cmd: compileSnippet
  api=4 type=0 insize=8987 outsize=1726 kw=DECALS_3RT SHADOW_MEDIUM USE_CLUSTERED_LIGHTLIST _SURFACE_TYPE_TRANSPARENT _NORMALMAP_TANGENT_SPACE _EMISSIVE_COLOR_MAP _DISABLE_SSR _ENABLE_GEOMETRIC_SPECULAR_AA _BLENDMODE_ALPHA pd=UNITY_ENABLE_REFLECTION_BUFFERS UNITY_USE_DITHER_MASK_FOR_ALPHABLENDED_SHADOWS UNITY_PBS_USE_BRDF1 UNITY_SPECCUBE_BOX_PROJECTION UNITY_SPECCUBE_BLENDING UNITY_ENABLE_DETAIL_NORMALMAP SHADER_API_DESKTOP UNITY_LIGHT_PROBE_PROXY_VOLUME UNITY_LIGHTMAP_FULL_HDR ok=1
Cmd: compileSnippet
  api=4 type=1 insize=8987 outsize=72290 kw=DECALS_3RT SHADOW_MEDIUM USE_CLUSTERED_LIGHTLIST _SURFACE_TYPE_TRANSPARENT _NORMALMAP_TANGENT_SPACE _EMISSIVE_COLOR_MAP _DISABLE_SSR _ENABLE_GEOMETRIC_SPECULAR_AA _BLENDMODE_ALPHA pd=UNITY_ENABLE_REFLECTION_BUFFERS UNITY_USE_DITHER_MASK_FOR_ALPHABLENDED_SHADOWS UNITY_PBS_USE_BRDF1 UNITY_SPECCUBE_BOX_PROJECTION UNITY_SPECCUBE_BLENDING UNITY_ENABLE_DETAIL_NORMALMAP SHADER_API_DESKTOP UNITY_LIGHT_PROBE_PROXY_VOLUME UNITY_LIGHTMAP_FULL_HDR ok=1
Cmd: compileSnippet
  api=4 type=0 insize=7304 outsize=810 kw=_SURFACE_TYPE_TRANSPARENT _NORMALMAP_TANGENT_SPACE _EMISSIVE_COLOR_MAP _DISABLE_SSR _ENABLE_GEOMETRIC_SPECULAR_AA _BLENDMODE_ALPHA pd=UNITY_ENABLE_REFLECTION_BUFFERS UNITY_USE_DITHER_MASK_FOR_ALPHABLENDED_SHADOWS UNITY_PBS_USE_BRDF1 UNITY_SPECCUBE_BOX_PROJECTION UNITY_SPECCUBE_BLENDING UNITY_ENABLE_DETAIL_NORMALMAP SHADER_API_DESKTOP UNITY_LIGHT_PROBE_PROXY_VOLUME UNITY_LIGHTMAP_FULL_HDR ok=1
Cmd: compileSnippet
  api=4 type=1 insize=7304 outsize=262 kw=_SURFACE_TYPE_TRANSPARENT _NORMALMAP_TANGENT_SPACE _EMISSIVE_COLOR_MAP _DISABLE_SSR _ENABLE_GEOMETRIC_SPECULAR_AA _BLENDMODE_ALPHA pd=UNITY_ENABLE_REFLECTION_BUFFERS UNITY_USE_DITHER_MASK_FOR_ALPHABLENDED_SHADOWS UNITY_PBS_USE_BRDF1 UNITY_SPECCUBE_BOX_PROJECTION UNITY_SPECCUBE_BLENDING UNITY_ENABLE_DETAIL_NORMALMAP SHADER_API_DESKTOP UNITY_LIGHT_PROBE_PROXY_VOLUME UNITY_LIGHTMAP_FULL_HDR ok=1
Cmd: compileSnippet
  api=4 type=0 insize=6948 outsize=810 kw=UNITY_PASS_SHADOWCASTER _SURFACE_TYPE_TRANSPARENT _NORMALMAP_TANGENT_SPACE _DISABLE_SSR _ENABLE_GEOMETRIC_SPECULAR_AA _BLENDMODE_ALPHA pd=UNITY_ENABLE_REFLECTION_BUFFERS UNITY_USE_DITHER_MASK_FOR_ALPHABLENDED_SHADOWS UNITY_PBS_USE_BRDF1 UNITY_SPECCUBE_BOX_PROJECTION UNITY_SPECCUBE_BLENDING UNITY_ENABLE_DETAIL_NORMALMAP SHADER_API_DESKTOP UNITY_LIGHT_PROBE_PROXY_VOLUME UNITY_LIGHTMAP_FULL_HDR ok=1
Cmd: compileSnippet
  api=4 type=1 insize=6948 outsize=142 kw=UNITY_PASS_SHADOWCASTER _SURFACE_TYPE_TRANSPARENT _NORMALMAP_TANGENT_SPACE _DISABLE_SSR _ENABLE_GEOMETRIC_SPECULAR_AA _BLENDMODE_ALPHA pd=UNITY_ENABLE_REFLECTION_BUFFERS UNITY_USE_DITHER_MASK_FOR_ALPHABLENDED_SHADOWS UNITY_PBS_USE_BRDF1 UNITY_SPECCUBE_BOX_PROJECTION UNITY_SPECCUBE_BLENDING UNITY_ENABLE_DETAIL_NORMALMAP SHADER_API_DESKTOP UNITY_LIGHT_PROBE_PROXY_VOLUME UNITY_LIGHTMAP_FULL_HDR ok=1
Cmd: compileSnippet
  api=4 type=0 insize=8987 outsize=1726 kw=DECALS_3RT SHADOW_MEDIUM USE_CLUSTERED_LIGHTLIST _SURFACE_TYPE_TRANSPARENT _NORMALMAP_TANGENT_SPACE _DISABLE_SSR _ENABLE_GEOMETRIC_SPECULAR_AA _BLENDMODE_ALPHA pd=UNITY_ENABLE_REFLECTION_BUFFERS UNITY_USE_DITHER_MASK_FOR_ALPHABLENDED_SHADOWS UNITY_PBS_USE_BRDF1 UNITY_SPECCUBE_BOX_PROJECTION UNITY_SPECCUBE_BLENDING UNITY_ENABLE_DETAIL_NORMALMAP SHADER_API_DESKTOP UNITY_LIGHT_PROBE_PROXY_VOLUME UNITY_LIGHTMAP_FULL_HDR ok=1
Cmd: compileSnippet
  api=4 type=1 insize=8987 outsize=72130 kw=DECALS_3RT SHADOW_MEDIUM USE_CLUSTERED_LIGHTLIST _SURFACE_TYPE_TRANSPARENT _NORMALMAP_TANGENT_SPACE _DISABLE_SSR _ENABLE_GEOMETRIC_SPECULAR_AA _BLENDMODE_ALPHA pd=UNITY_ENABLE_REFLECTION_BUFFERS UNITY_USE_DITHER_MASK_FOR_ALPHABLENDED_SHADOWS UNITY_PBS_USE_BRDF1 UNITY_SPECCUBE_BOX_PROJECTION UNITY_SPECCUBE_BLENDING UNITY_ENABLE_DETAIL_NORMALMAP SHADER_API_DESKTOP UNITY_LIGHT_PROBE_PROXY_VOLUME UNITY_LIGHTMAP_FULL_HDR ok=1
Cmd: compileSnippet
  api=4 type=0 insize=6948 outsize=810 kw=UNITY_PASS_SHADOWCASTER _SURFACE_TYPE_TRANSPARENT _NORMALMAP_TANGENT_SPACE _DISABLE_SSR _ENABLE_GEOMETRIC_SPECULAR_AA _BLENDMODE_ALPHA _BLENDMODE_PRESERVE_SPECULAR_LIGHTING pd=UNITY_ENABLE_REFLECTION_BUFFERS UNITY_USE_DITHER_MASK_FOR_ALPHABLENDED_SHADOWS UNITY_PBS_USE_BRDF1 UNITY_SPECCUBE_BOX_PROJECTION UNITY_SPECCUBE_BLENDING UNITY_ENABLE_DETAIL_NORMALMAP SHADER_API_DESKTOP UNITY_LIGHT_PROBE_PROXY_VOLUME UNITY_LIGHTMAP_FULL_HDR ok=1
Cmd: compileSnippet
  api=4 type=1 insize=6948 outsize=142 kw=UNITY_PASS_SHADOWCASTER _SURFACE_TYPE_TRANSPARENT _NORMALMAP_TANGENT_SPACE _DISABLE_SSR _ENABLE_GEOMETRIC_SPECULAR_AA _BLENDMODE_ALPHA _BLENDMODE_PRESERVE_SPECULAR_LIGHTING pd=UNITY_ENABLE_REFLECTION_BUFFERS UNITY_USE_DITHER_MASK_FOR_ALPHABLENDED_SHADOWS UNITY_PBS_USE_BRDF1 UNITY_SPECCUBE_BOX_PROJECTION UNITY_SPECCUBE_BLENDING UNITY_ENABLE_DETAIL_NORMALMAP SHADER_API_DESKTOP UNITY_LIGHT_PROBE_PROXY_VOLUME UNITY_LIGHTMAP_FULL_HDR ok=1
Cmd: compileSnippet
  api=4 type=0 insize=8987 outsize=1726 kw=DECALS_3RT SHADOW_MEDIUM USE_CLUSTERED_LIGHTLIST _SURFACE_TYPE_TRANSPARENT _NORMALMAP_TANGENT_SPACE _DISABLE_SSR _ENABLE_GEOMETRIC_SPECULAR_AA _BLENDMODE_ALPHA _BLENDMODE_PRESERVE_SPECULAR_LIGHTING pd=UNITY_ENABLE_REFLECTION_BUFFERS UNITY_USE_DITHER_MASK_FOR_ALPHABLENDED_SHADOWS UNITY_PBS_USE_BRDF1 UNITY_SPECCUBE_BOX_PROJECTION UNITY_SPECCUBE_BLENDING UNITY_ENABLE_DETAIL_NORMALMAP SHADER_API_DESKTOP UNITY_LIGHT_PROBE_PROXY_VOLUME UNITY_LIGHTMAP_FULL_HDR ok=1
Cmd: compileSnippet
  api=4 type=1 insize=8987 outsize=72130 kw=DECALS_3RT SHADOW_MEDIUM USE_CLUSTERED_LIGHTLIST _SURFACE_TYPE_TRANSPARENT _NORMALMAP_TANGENT_SPACE _DISABLE_SSR _ENABLE_GEOMETRIC_SPECULAR_AA _BLENDMODE_ALPHA _BLENDMODE_PRESERVE_SPECULAR_LIGHTING pd=UNITY_ENABLE_REFLECTION_BUFFERS UNITY_USE_DITHER_MASK_FOR_ALPHABLENDED_SHADOWS UNITY_PBS_USE_BRDF1 UNITY_SPECCUBE_BOX_PROJECTION UNITY_SPECCUBE_BLENDING UNITY_ENABLE_DETAIL_NORMALMAP SHADER_API_DESKTOP UNITY_LIGHT_PROBE_PROXY_VOLUME UNITY_LIGHTMAP_FULL_HDR ok=1
Cmd: compileSnippet
  api=4 type=1 insize=8987 outsize=96562 kw=DECALS_3RT SHADOW_MEDIUM USE_CLUSTERED_LIGHTLIST _SURFACE_TYPE_TRANSPARENT _REFRACTION_PLANE _NORMALMAP_TANGENT_SPACE _BLENDMODE_ALPHA _BLENDMODE_PRESERVE_SPECULAR_LIGHTING _ENABLE_FOG_ON_TRANSPARENT pd=UNITY_ENABLE_REFLECTION_BUFFERS UNITY_USE_DITHER_MASK_FOR_ALPHABLENDED_SHADOWS UNITY_PBS_USE_BRDF1 UNITY_SPECCUBE_BOX_PROJECTION UNITY_SPECCUBE_BLENDING UNITY_ENABLE_DETAIL_NORMALMAP SHADER_API_DESKTOP UNITY_LIGHT_PROBE_PROXY_VOLUME UNITY_LIGHTMAP_FULL_HDR ok=1
Cmd: compileSnippet
  api=4 type=0 insize=7304 outsize=810 kw=_SURFACE_TYPE_TRANSPARENT _REFRACTION_PLANE _NORMALMAP_TANGENT_SPACE _BLENDMODE_ALPHA _BLENDMODE_PRESERVE_SPECULAR_LIGHTING _ENABLE_FOG_ON_TRANSPARENT pd=UNITY_ENABLE_REFLECTION_BUFFERS UNITY_USE_DITHER_MASK_FOR_ALPHABLENDED_SHADOWS UNITY_PBS_USE_BRDF1 UNITY_SPECCUBE_BOX_PROJECTION UNITY_SPECCUBE_BLENDING UNITY_ENABLE_DETAIL_NORMALMAP SHADER_API_DESKTOP UNITY_LIGHT_PROBE_PROXY_VOLUME UNITY_LIGHTMAP_FULL_HDR ok=1
Cmd: compileSnippet
  api=4 type=1 insize=7304 outsize=262 kw=_SURFACE_TYPE_TRANSPARENT _REFRACTION_PLANE _NORMALMAP_TANGENT_SPACE _BLENDMODE_ALPHA _BLENDMODE_PRESERVE_SPECULAR_LIGHTING _ENABLE_FOG_ON_TRANSPARENT pd=UNITY_ENABLE_REFLECTION_BUFFERS UNITY_USE_DITHER_MASK_FOR_ALPHABLENDED_SHADOWS UNITY_PBS_USE_BRDF1 UNITY_SPECCUBE_BOX_PROJECTION UNITY_SPECCUBE_BLENDING UNITY_ENABLE_DETAIL_NORMALMAP SHADER_API_DESKTOP UNITY_LIGHT_PROBE_PROXY_VOLUME UNITY_LIGHTMAP_FULL_HDR ok=1
Cmd: compileSnippet
  api=4 type=0 insize=6948 outsize=810 kw=UNITY_PASS_SHADOWCASTER _SURFACE_TYPE_TRANSPARENT _REFRACTION_PLANE _NORMALMAP_TANGENT_SPACE _BLENDMODE_ALPHA _BLENDMODE_PRESERVE_SPECULAR_LIGHTING pd=UNITY_ENABLE_REFLECTION_BUFFERS UNITY_USE_DITHER_MASK_FOR_ALPHABLENDED_SHADOWS UNITY_PBS_USE_BRDF1 UNITY_SPECCUBE_BOX_PROJECTION UNITY_SPECCUBE_BLENDING UNITY_ENABLE_DETAIL_NORMALMAP SHADER_API_DESKTOP UNITY_LIGHT_PROBE_PROXY_VOLUME UNITY_LIGHTMAP_FULL_HDR ok=1
Cmd: compileSnippet
  api=4 type=1 insize=6948 outsize=142 kw=UNITY_PASS_SHADOWCASTER _SURFACE_TYPE_TRANSPARENT _REFRACTION_PLANE _NORMALMAP_TANGENT_SPACE _BLENDMODE_ALPHA _BLENDMODE_PRESERVE_SPECULAR_LIGHTING pd=UNITY_ENABLE_REFLECTION_BUFFERS UNITY_USE_DITHER_MASK_FOR_ALPHABLENDED_SHADOWS UNITY_PBS_USE_BRDF1 UNITY_SPECCUBE_BOX_PROJECTION UNITY_SPECCUBE_BLENDING UNITY_ENABLE_DETAIL_NORMALMAP SHADER_API_DESKTOP UNITY_LIGHT_PROBE_PROXY_VOLUME UNITY_LIGHTMAP_FULL_HDR ok=1
Cmd: compileSnippet
  api=4 type=0 insize=8987 outsize=1726 kw=DECALS_3RT SHADOW_MEDIUM USE_CLUSTERED_LIGHTLIST _SURFACE_TYPE_TRANSPARENT _REFRACTION_PLANE _NORMALMAP_TANGENT_SPACE _BLENDMODE_ALPHA _BLENDMODE_PRESERVE_SPECULAR_LIGHTING pd=UNITY_ENABLE_REFLECTION_BUFFERS UNITY_USE_DITHER_MASK_FOR_ALPHABLENDED_SHADOWS UNITY_PBS_USE_BRDF1 UNITY_SPECCUBE_BOX_PROJECTION UNITY_SPECCUBE_BLENDING UNITY_ENABLE_DETAIL_NORMALMAP SHADER_API_DESKTOP UNITY_LIGHT_PROBE_PROXY_VOLUME UNITY_LIGHTMAP_FULL_HDR ok=1
Cmd: compileSnippet
  api=4 type=1 insize=8987 outsize=82438 kw=DECALS_3RT SHADOW_MEDIUM USE_CLUSTERED_LIGHTLIST _SURFACE_TYPE_TRANSPARENT _REFRACTION_PLANE _NORMALMAP_TANGENT_SPACE _BLENDMODE_ALPHA _BLENDMODE_PRESERVE_SPECULAR_LIGHTING pd=UNITY_ENABLE_REFLECTION_BUFFERS UNITY_USE_DITHER_MASK_FOR_ALPHABLENDED_SHADOWS UNITY_PBS_USE_BRDF1 UNITY_SPECCUBE_BOX_PROJECTION UNITY_SPECCUBE_BLENDING UNITY_ENABLE_DETAIL_NORMALMAP SHADER_API_DESKTOP UNITY_LIGHT_PROBE_PROXY_VOLUME UNITY_LIGHTMAP_FULL_HDR ok=1
Cmd: compileSnippet
  api=4 type=0 insize=7304 outsize=810 kw=_SURFACE_TYPE_TRANSPARENT _REFRACTION_PLANE _NORMALMAP_TANGENT_SPACE _BLENDMODE_ALPHA _BLENDMODE_PRESERVE_SPECULAR_LIGHTING pd=UNITY_ENABLE_REFLECTION_BUFFERS UNITY_USE_DITHER_MASK_FOR_ALPHABLENDED_SHADOWS UNITY_PBS_USE_BRDF1 UNITY_SPECCUBE_BOX_PROJECTION UNITY_SPECCUBE_BLENDING UNITY_ENABLE_DETAIL_NORMALMAP SHADER_API_DESKTOP UNITY_LIGHT_PROBE_PROXY_VOLUME UNITY_LIGHTMAP_FULL_HDR ok=1
Cmd: compileSnippet
  api=4 type=1 insize=7304 outsize=262 kw=_SURFACE_TYPE_TRANSPARENT _REFRACTION_PLANE _NORMALMAP_TANGENT_SPACE _BLENDMODE_ALPHA _BLENDMODE_PRESERVE_SPECULAR_LIGHTING pd=UNITY_ENABLE_REFLECTION_BUFFERS UNITY_USE_DITHER_MASK_FOR_ALPHABLENDED_SHADOWS UNITY_PBS_USE_BRDF1 UNITY_SPECCUBE_BOX_PROJECTION UNITY_SPECCUBE_BLENDING UNITY_ENABLE_DETAIL_NORMALMAP SHADER_API_DESKTOP UNITY_LIGHT_PROBE_PROXY_VOLUME UNITY_LIGHTMAP_FULL_HDR ok=1
Cmd: compileSnippet
  api=4 type=0 insize=6948 outsize=810 kw=UNITY_PASS_SHADOWCASTER _SURFACE_TYPE_TRANSPARENT _NORMALMAP_TANGENT_SPACE _EMISSIVE_COLOR_MAP _DISABLE_SSR _ENABLE_GEOMETRIC_SPECULAR_AA _BLENDMODE_ALPHA _BLENDMODE_PRESERVE_SPECULAR_LIGHTING pd=UNITY_ENABLE_REFLECTION_BUFFERS UNITY_USE_DITHER_MASK_FOR_ALPHABLENDED_SHADOWS UNITY_PBS_USE_BRDF1 UNITY_SPECCUBE_BOX_PROJECTION UNITY_SPECCUBE_BLENDING UNITY_ENABLE_DETAIL_NORMALMAP SHADER_API_DESKTOP UNITY_LIGHT_PROBE_PROXY_VOLUME UNITY_LIGHTMAP_FULL_HDR ok=1
Cmd: compileSnippet
  api=4 type=1 insize=6948 outsize=142 kw=UNITY_PASS_SHADOWCASTER _SURFACE_TYPE_TRANSPARENT _NORMALMAP_TANGENT_SPACE _EMISSIVE_COLOR_MAP _DISABLE_SSR _ENABLE_GEOMETRIC_SPECULAR_AA _BLENDMODE_ALPHA _BLENDMODE_PRESERVE_SPECULAR_LIGHTING pd=UNITY_ENABLE_REFLECTION_BUFFERS UNITY_USE_DITHER_MASK_FOR_ALPHABLENDED_SHADOWS UNITY_PBS_USE_BRDF1 UNITY_SPECCUBE_BOX_PROJECTION UNITY_SPECCUBE_BLENDING UNITY_ENABLE_DETAIL_NORMALMAP SHADER_API_DESKTOP UNITY_LIGHT_PROBE_PROXY_VOLUME UNITY_LIGHTMAP_FULL_HDR ok=1
Cmd: compileSnippet
  api=4 type=0 insize=8987 outsize=1726 kw=DECALS_3RT SHADOW_MEDIUM USE_CLUSTERED_LIGHTLIST _SURFACE_TYPE_TRANSPARENT _NORMALMAP_TANGENT_SPACE _EMISSIVE_COLOR_MAP _DISABLE_SSR _ENABLE_GEOMETRIC_SPECULAR_AA _BLENDMODE_ALPHA _BLENDMODE_PRESERVE_SPECULAR_LIGHTING pd=UNITY_ENABLE_REFLECTION_BUFFERS UNITY_USE_DITHER_MASK_FOR_ALPHABLENDED_SHADOWS UNITY_PBS_USE_BRDF1 UNITY_SPECCUBE_BOX_PROJECTION UNITY_SPECCUBE_BLENDING UNITY_ENABLE_DETAIL_NORMALMAP SHADER_API_DESKTOP UNITY_LIGHT_PROBE_PROXY_VOLUME UNITY_LIGHTMAP_FULL_HDR ok=1
Cmd: compileSnippet
  api=4 type=1 insize=8987 outsize=72290 kw=DECALS_3RT SHADOW_MEDIUM USE_CLUSTERED_LIGHTLIST _SURFACE_TYPE_TRANSPARENT _NORMALMAP_TANGENT_SPACE _EMISSIVE_COLOR_MAP _DISABLE_SSR _ENABLE_GEOMETRIC_SPECULAR_AA _BLENDMODE_ALPHA _BLENDMODE_PRESERVE_SPECULAR_LIGHTING pd=UNITY_ENABLE_REFLECTION_BUFFERS UNITY_USE_DITHER_MASK_FOR_ALPHABLENDED_SHADOWS UNITY_PBS_USE_BRDF1 UNITY_SPECCUBE_BOX_PROJECTION UNITY_SPECCUBE_BLENDING UNITY_ENABLE_DETAIL_NORMALMAP SHADER_API_DESKTOP UNITY_LIGHT_PROBE_PROXY_VOLUME UNITY_LIGHTMAP_FULL_HDR ok=1
Cmd: compileSnippet
  api=4 type=1 insize=7919 outsize=8078 kw=DECALS_3RT _NORMALMAP_TANGENT_SPACE _EMISSIVE_COLOR_MAP _DISABLE_SSR _ENABLE_GEOMETRIC_SPECULAR_AA pd=UNITY_ENABLE_REFLECTION_BUFFERS UNITY_USE_DITHER_MASK_FOR_ALPHABLENDED_SHADOWS UNITY_PBS_USE_BRDF1 UNITY_SPECCUBE_BOX_PROJECTION UNITY_SPECCUBE_BLENDING UNITY_ENABLE_DETAIL_NORMALMAP SHADER_API_DESKTOP UNITY_LIGHT_PROBE_PROXY_VOLUME UNITY_LIGHTMAP_FULL_HDR ok=1
Cmd: compileSnippet
  api=4 type=0 insize=7304 outsize=810 kw=_NORMALMAP_TANGENT_SPACE _EMISSIVE_COLOR_MAP _DISABLE_SSR _ENABLE_GEOMETRIC_SPECULAR_AA pd=UNITY_ENABLE_REFLECTION_BUFFERS UNITY_USE_DITHER_MASK_FOR_ALPHABLENDED_SHADOWS UNITY_PBS_USE_BRDF1 UNITY_SPECCUBE_BOX_PROJECTION UNITY_SPECCUBE_BLENDING UNITY_ENABLE_DETAIL_NORMALMAP SHADER_API_DESKTOP UNITY_LIGHT_PROBE_PROXY_VOLUME UNITY_LIGHTMAP_FULL_HDR ok=1
Cmd: compileSnippet
  api=4 type=1 insize=7304 outsize=262 kw=_NORMALMAP_TANGENT_SPACE _EMISSIVE_COLOR_MAP _DISABLE_SSR _ENABLE_GEOMETRIC_SPECULAR_AA pd=UNITY_ENABLE_REFLECTION_BUFFERS UNITY_USE_DITHER_MASK_FOR_ALPHABLENDED_SHADOWS UNITY_PBS_USE_BRDF1 UNITY_SPECCUBE_BOX_PROJECTION UNITY_SPECCUBE_BLENDING UNITY_ENABLE_DETAIL_NORMALMAP SHADER_API_DESKTOP UNITY_LIGHT_PROBE_PROXY_VOLUME UNITY_LIGHTMAP_FULL_HDR ok=1
